<?xml version="1.0" encoding="UTF-8"?>
<!-- Generated by org.testng.reporters.JUnitReportReporter -->
<testsuite hostname="DESKTOP-5QTG87M" failures="0" tests="2" name="Pac1.ContactTest" time="0.037" errors="0" timestamp="2025-03-14T20:36:40 IST" skipped="0">
  <testcase classname="Pac1.ContactTest" name="createContactTest" time="0.016"/>
  <testcase classname="Pac1.ContactTest" name="modifyContactTest" time="0.021"/>
</testsuite> <!-- Pac1.ContactTest -->
