<?xml version="1.0" encoding="UTF-8"?>
<!-- Generated by org.testng.reporters.JUnitReportReporter -->
<testsuite hostname="DESKTOP-5QTG87M" failures="0" tests="2" name="Pac2.OrgTest" time="0.019" errors="0" timestamp="2025-03-14T20:36:40 IST" skipped="0">
  <testcase classname="Pac2.OrgTest" name="ModifyOrgTest" time="0.012"/>
  <testcase classname="Pac2.OrgTest" name="CreateOrgTest" time="0.007"/>
</testsuite> <!-- Pac2.OrgTest -->
