<?xml version="1.0" encoding="UTF-8"?>
<!-- Generated by org.testng.reporters.JUnitReportReporter -->
<testsuite hostname="DESKTOP-5QTG87M" failures="0" tests="2" name="Pac1.ContactTest" time="0.009" errors="0" timestamp="2025-03-17T12:14:01 IST" skipped="0">
  <testcase classname="Pac1.ContactTest" name="createContactTest" time="0.008"/>
  <testcase classname="Pac1.ContactTest" name="modifyContactTest" time="0.001"/>
</testsuite> <!-- Pac1.ContactTest -->
